Создание информационной базы ("File="g:\GIT_Repo\1C-Gitter\v8r_TempDB";Locale = "ru_RU";DBFormat="8.3.8";DBPageSize="8K";") успешно завершено
Загрузка конфигурации успешно завершена
Обновление конфигурации базы данных
Обработка структуры базы данных...

Сбор служебной информации...

Новый объект: Константа.ПрограммаРаспаковки
Новый объект: Константа.Приложение1С
Новый объект: РегистрСведений.СписокИзменений
Новый объект: РегистрСведений.СтатусыВыгрузки
Новый объект: Справочник._УчетныеЗаписи
Новый объект: Справочник._Файлы
Новый объект: Справочник._ДействияПриКоммитеДляГитлаба
Новый объект: Справочник.ВерсииКонфигурацийХранилища
Новый объект: Справочник.ирАлгоритмы
Новый объект: Справочник.ирКомандаРедактироватьОбъект
Новый объект: Справочник.ирОбъектыДляОтладки
Новый объект: Справочник.ПользователиХранилища
Новый объект: Справочник.ПроверкаАПК
Новый объект: Справочник.Хранилища
Объект изменен: Хранилище расширений конфигурации
Объект удален: Хранилище расширений конфигурации (новое поколение данных)
Объект удален: Хранилище информации о применении расширений конфигурации к базе данных
Объект удален: Хранилище информации о применении расширений конфигурации к базе данных (новое поколение данных)
Объект изменен: Пользователи информационной базы
Изменена версия структуры информационной базы
Новый объект: РегламентноеЗадание.ВыгрузкаВерсий
Новый объект: РегламентноеЗадание.ПроверкаАПК
Создана таблица опций планов видов характеристик
Создана таблица опций справочников
Создана таблица опций справочников
Создана таблица опций планов видов расчетов
Создана таблица опций планов счетов
Принятие изменений...

Обновление конфигурации базы данных успешно завершено
Построение индекса справки...

Создание файлов поставки успешно завершено
