Создание информационной базы ("File="g:\GIT_Repo\1C-Gitter\v8r_TempDB";Locale = "ru_RU";") успешно завершено
Загрузка конфигурации успешно завершена
Обновление конфигурации базы данных
Обработка структуры базы данных...

Сбор служебной информации...

Новый объект: Справочник.ВерсииКонфигурацийХранилища
Новый объект: Справочник.ирАлгоритмы
Новый объект: Справочник.ирКомандаРедактироватьОбъект
Новый объект: Справочник.ирОбъектыДляОтладки
Новый объект: Справочник.ПользователиХранилища
Новый объект: Справочник.ПроверкаАПК
Новый объект: Справочник.Хранилища
Новый объект: Константа.ПрограммаРаспаковки
Новый объект: РегистрСведений.СписокИзменений
Новый объект: РегистрСведений.СтатусыВыгрузки
Объект изменен: Пользователи информационной базы
Новый объект: РегламентноеЗадание.ВыгрузкаВерсий
Новый объект: РегламентноеЗадание.ПроверкаАПК
Создана таблица опций планов видов расчетов
Создана таблица опций справочников
Создана таблица опций планов видов характеристик
Создана таблица опций планов счетов
Принятие изменений...

Обновление конфигурации базы данных успешно завершено
Построение индекса справки...

Создание файлов поставки успешно завершено
